\BOOKMARK [0][-]{chapter.1}{\376\377\000P\000r\000i\000m\000e\000G\000e\000n\000\040\040\023\000\040\000L\000i\000b\000r\000a\000r\000y\000\040\000f\000o\000r\000\040\000g\000e\000n\000e\000r\000a\000t\000i\000n\000g\000\040\000p\000r\000i\000m\000e\000\040\000n\000u\000m\000b\000e\000r\000s}{}% 1
\BOOKMARK [1][-]{section.1.1}{\376\377\000W\000o\000r\000k\000i\000n\000g\000\040\000w\000i\000t\000h\000\040\000b\000i\000g\000\040\000n\000u\000m\000b\000e\000r\000s}{chapter.1}% 2
\BOOKMARK [0][-]{chapter.2}{\376\377\000N\000a\000m\000e\000s\000p\000a\000c\000e\000\040\000I\000n\000d\000e\000x}{}% 3
\BOOKMARK [1][-]{section.2.1}{\376\377\000N\000a\000m\000e\000s\000p\000a\000c\000e\000\040\000L\000i\000s\000t}{chapter.2}% 4
\BOOKMARK [0][-]{chapter.3}{\376\377\000N\000a\000m\000e\000s\000p\000a\000c\000e\000\040\000D\000o\000c\000u\000m\000e\000n\000t\000a\000t\000i\000o\000n}{}% 5
\BOOKMARK [1][-]{section.3.1}{\376\377\000P\000r\000i\000m\000e\000G\000e\000n\000:\000:\000G\000e\000n\000e\000r\000a\000t\000o\000r\000s\000\040\000N\000a\000m\000e\000s\000p\000a\000c\000e\000\040\000R\000e\000f\000e\000r\000e\000n\000c\000e}{chapter.3}% 6
\BOOKMARK [2][-]{subsection.3.1.1}{\376\377\000D\000e\000t\000a\000i\000l\000e\000d\000\040\000D\000e\000s\000c\000r\000i\000p\000t\000i\000o\000n}{section.3.1}% 7
\BOOKMARK [2][-]{subsection.3.1.2}{\376\377\000F\000u\000n\000c\000t\000i\000o\000n\000\040\000D\000o\000c\000u\000m\000e\000n\000t\000a\000t\000i\000o\000n}{section.3.1}% 8
\BOOKMARK [3][-]{subsubsection.3.1.2.1}{\376\377\000n\000e\000x\000t\000\137\000p\000r\000i\000m\000e}{subsection.3.1.2}% 9
\BOOKMARK [3][-]{subsubsection.3.1.2.2}{\376\377\000p\000s\000e\000u\000d\000o\000\137\000r\000a\000n\000d\000o\000m\000\137\000p\000r\000i\000m\000e}{subsection.3.1.2}% 10
\BOOKMARK [3][-]{subsubsection.3.1.2.3}{\376\377\000r\000a\000n\000d\000o\000m\000\137\000p\000r\000i\000m\000e}{subsection.3.1.2}% 11
\BOOKMARK [1][-]{section.3.2}{\376\377\000P\000r\000i\000m\000e\000G\000e\000n\000:\000:\000T\000e\000s\000t\000s\000\040\000N\000a\000m\000e\000s\000p\000a\000c\000e\000\040\000R\000e\000f\000e\000r\000e\000n\000c\000e}{chapter.3}% 12
\BOOKMARK [2][-]{subsection.3.2.1}{\376\377\000D\000e\000t\000a\000i\000l\000e\000d\000\040\000D\000e\000s\000c\000r\000i\000p\000t\000i\000o\000n}{section.3.2}% 13
\BOOKMARK [2][-]{subsection.3.2.2}{\376\377\000F\000u\000n\000c\000t\000i\000o\000n\000\040\000D\000o\000c\000u\000m\000e\000n\000t\000a\000t\000i\000o\000n}{section.3.2}% 14
\BOOKMARK [3][-]{subsubsection.3.2.2.1}{\376\377\000f\0001\0000\0000\0000\000\137\000p\000r\000i\000m\000e\000\137\000f\000a\000c\000t\000o\000r\000s}{subsection.3.2.2}% 15
\BOOKMARK [3][-]{subsubsection.3.2.2.2}{\376\377\000f\0001\0000\0000\000\137\000p\000r\000i\000m\000e\000\137\000f\000a\000c\000t\000o\000r\000s}{subsection.3.2.2}% 16
\BOOKMARK [3][-]{subsubsection.3.2.2.3}{\376\377\000m\000i\000l\000l\000e\000r\000\137\000r\000a\000b\000i\000n}{subsection.3.2.2}% 17
\BOOKMARK [1][-]{section.3.3}{\376\377\000P\000r\000i\000m\000e\000G\000e\000n\000:\000:\000U\000t\000i\000l\000s\000\040\000N\000a\000m\000e\000s\000p\000a\000c\000e\000\040\000R\000e\000f\000e\000r\000e\000n\000c\000e}{chapter.3}% 18
\BOOKMARK [2][-]{subsection.3.3.1}{\376\377\000D\000e\000t\000a\000i\000l\000e\000d\000\040\000D\000e\000s\000c\000r\000i\000p\000t\000i\000o\000n}{section.3.3}% 19
\BOOKMARK [2][-]{subsection.3.3.2}{\376\377\000F\000u\000n\000c\000t\000i\000o\000n\000\040\000D\000o\000c\000u\000m\000e\000n\000t\000a\000t\000i\000o\000n}{section.3.3}% 20
\BOOKMARK [3][-]{subsubsection.3.3.2.1}{\376\377\000f\000a\000c\000\137\0002\000\137\000p\000o\000w\000e\000r\000s}{subsection.3.3.2}% 21
\BOOKMARK [3][-]{subsubsection.3.3.2.2}{\376\377\000i\000n\000d\000e\000p\000e\000n\000d\000e\000n\000t\000\137\000b\000i\000t\000s\000\137\000g\000e\000n\000e\000r\000a\000t\000o\000r}{subsection.3.3.2}% 22
\BOOKMARK [3][-]{subsubsection.3.3.2.3}{\376\377\000p\000o\000w\000\137\000m\000o\000d}{subsection.3.3.2}% 23
\BOOKMARK [-1][-]{section*.5}{\376\377\000I\000n\000d\000e\000x}{}% 24
